Arguments: 
  /Users/fuwhis/.nvm/versions/node/v18.17.1/bin/node /opt/homebrew/Cellar/yarn/1.22.19/libexec/bin/yarn.js start

PATH: 
  /Users/fuwhis/.nvm/versions/node/v18.17.1/bin:/Library/Frameworks/Python.framework/Versions/3.11/bin:/opt/homebrew/bin:/opt/homebrew/sbin:/usr/local/bin:/System/Cryptexes/App/usr/bin:/usr/bin:/bin:/usr/sbin:/sbin:/usr/local/go/bin:/Library/Apple/usr/bin:/Users/fuwhis/.nvm/versions/node/v18.17.1/bin:/Library/Frameworks/Python.framework/Versions/3.11/bin:/opt/homebrew/bin:/opt/homebrew/sbin:/Applications/Visual Studio Code.app/Contents/Resources/app/bin:/Applications/Visual Studio Code.app/Contents/Resources/app/bin

Yarn version: 
  1.22.19

Node version: 
  18.17.1

Platform: 
  darwin arm64

Trace: 
  SyntaxError: /Users/fuwhis/Desktop/jwt-auth-graphql/server/package.json: Unexpected token / in JSON at position 112
      at JSON.parse (<anonymous>)
      at /opt/homebrew/Cellar/yarn/1.22.19/libexec/lib/cli.js:1629:59
      at Generator.next (<anonymous>)
      at step (/opt/homebrew/Cellar/yarn/1.22.19/libexec/lib/cli.js:310:30)
      at /opt/homebrew/Cellar/yarn/1.22.19/libexec/lib/cli.js:321:13

npm manifest: 
  {
    "name": "server",
    "version": "1.0.0",
    "main": "index.js",
    "license": "UNLICENSED",
    "scripts": {
      // "build": "rm -rf dist && tsc",
      "start": "node dist/index.js",
      "server": "nodemon dist/index.js",
      "watch": "tsc -w"
    },
    "dependencies": {
      "apollo-server-core": "^3.6.2",
      "apollo-server-express": "^3.6.2",
      "argon2": "^0.28.3",
      "class-validator": "^0.13.2",
      "cookie-parser": "^1.4.6",
      "cors": "^2.8.5",
      "dotenv": "^14.3.2",
      "express": "^4.17.2",
      "graphql": "^15.8.0",
      "jsonwebtoken": "^8.5.1",
      "pg": "^8.7.1",
      "reflect-metadata": "^0.1.13",
      "type-graphql": "^1.1.1",
      "typeorm": "^0.2.41"
    },
    "devDependencies": {
      "@types/cookie-parser": "^1.4.2",
      "@types/cors": "^2.8.12",
      "@types/express": "^4.17.13",
      "@types/jsonwebtoken": "^8.5.8",
      "@types/node": "^17.0.13",
      "nodemon": "^2.0.15",
      "typescript": "^4.5.5"
    }
  }

yarn manifest: 
  No manifest

Lockfile: 
  No lockfile
